<?xml version="1.0" encoding="UTF-8"?>
<testng-results skipped="0" failed="0" total="1" passed="1">
  <reporter-output>
  </reporter-output>
  <suite name="Default suite" duration-ms="11420" started-at="2020-11-12T05:18:10Z" finished-at="2020-11-12T05:18:21Z">
    <groups>
    </groups>
    <test name="Default test" duration-ms="11420" started-at="2020-11-12T05:18:10Z" finished-at="2020-11-12T05:18:21Z">
      <class name="testscript.validlogin">
        <test-method status="PASS" signature="openAppln()[pri:0, instance:testscript.validlogin@6eebc39e]" name="openAppln" is-config="true" duration-ms="8403" started-at="2020-11-12T10:48:10Z" finished-at="2020-11-12T10:48:18Z">
          <reporter-output>
          </reporter-output>
        </test-method> <!-- openAppln -->
        <test-method status="PASS" signature="valid_login()[pri:0, instance:testscript.validlogin@6eebc39e]" name="valid_login" duration-ms="1558" started-at="2020-11-12T10:48:18Z" finished-at="2020-11-12T10:48:20Z">
          <reporter-output>
          </reporter-output>
        </test-method> <!-- valid_login -->
        <test-method status="PASS" signature="closeAppln()[pri:0, instance:testscript.validlogin@6eebc39e]" name="closeAppln" is-config="true" duration-ms="1432" started-at="2020-11-12T10:48:20Z" finished-at="2020-11-12T10:48:21Z">
          <reporter-output>
          </reporter-output>
        </test-method> <!-- closeAppln -->
      </class> <!-- testscript.validlogin -->
    </test> <!-- Default test -->
  </suite> <!-- Default suite -->
</testng-results>
